<?xml version="1.0" encoding="utf-8"?>
<RunSettings>
   <NUnit>
	<OutputXmlFolderMode>UseResultDirectory</OutputXmlFolderMode>
    <TestOutputXml>./</TestOutputXml>
 </NUnit>
</RunSettings>